<?xml version="1.0" encoding="UTF-8"?>
<coverage generated="1563994388399" clover="3.2.0">
  <project timestamp="1563994388399" name="All files">
    <metrics statements="38" coveredstatements="25" conditionals="5" coveredconditionals="2" methods="18" coveredmethods="11" elements="61" coveredelements="38" complexity="0" loc="38" ncloc="38" packages="3" files="3" classes="3"/>
    <package name="components.store">
      <metrics statements="7" coveredstatements="7" conditionals="0" coveredconditionals="0" methods="7" coveredmethods="6"/>
      <file name="actions.js" path="C:\projects\boilerplate\boilerplate_react_redux\src\components\store\actions.js">
        <metrics statements="7" coveredstatements="7" conditionals="0" coveredconditionals="0" methods="7" coveredmethods="6"/>
        <line num="1" count="2" type="stmt"/>
        <line num="2" count="6" type="stmt"/>
        <line num="3" count="1" type="stmt"/>
        <line num="4" count="1" type="stmt"/>
        <line num="5" count="1" type="stmt"/>
        <line num="6" count="1" type="stmt"/>
        <line num="7" count="2" type="stmt"/>
      </file>
    </package>
    <package name="redux">
      <metrics statements="2" coveredstatements="2" conditionals="0" coveredconditionals="0" methods="2" coveredmethods="2"/>
      <file name="actions.js" path="C:\projects\boilerplate\boilerplate_react_redux\src\redux\actions.js">
        <metrics statements="2" coveredstatements="2" conditionals="0" coveredconditionals="0" methods="2" coveredmethods="2"/>
        <line num="1" count="7" type="stmt"/>
        <line num="2" count="16" type="stmt"/>
      </file>
    </package>
    <package name="utils">
      <metrics statements="29" coveredstatements="16" conditionals="5" coveredconditionals="2" methods="9" coveredmethods="3"/>
      <file name="saga.js" path="C:\projects\boilerplate\boilerplate_react_redux\src\utils\saga.js">
        <metrics statements="29" coveredstatements="16" conditionals="5" coveredconditionals="2" methods="9" coveredmethods="3"/>
        <line num="8" count="1" type="stmt"/>
        <line num="9" count="0" type="cond" truecount="0" falsecount="3"/>
        <line num="11" count="0" type="stmt"/>
        <line num="12" count="0" type="stmt"/>
        <line num="16" count="0" type="stmt"/>
        <line num="17" count="0" type="stmt"/>
        <line num="20" count="0" type="stmt"/>
        <line num="25" count="4" type="stmt"/>
        <line num="26" count="4" type="stmt"/>
        <line num="27" count="4" type="stmt"/>
        <line num="28" count="3" type="stmt"/>
        <line num="29" count="3" type="cond" truecount="2" falsecount="0"/>
        <line num="33" count="0" type="stmt"/>
        <line num="35" count="3" type="stmt"/>
        <line num="39" count="2" type="stmt"/>
        <line num="40" count="2" type="stmt"/>
        <line num="41" count="2" type="stmt"/>
        <line num="42" count="2" type="stmt"/>
        <line num="43" count="1" type="stmt"/>
        <line num="44" count="1" type="stmt"/>
        <line num="46" count="0" type="stmt"/>
        <line num="47" count="0" type="stmt"/>
        <line num="52" count="2" type="stmt"/>
        <line num="53" count="2" type="stmt"/>
        <line num="54" count="1" type="stmt"/>
        <line num="57" count="0" type="stmt"/>
        <line num="62" count="0" type="stmt"/>
        <line num="63" count="0" type="stmt"/>
        <line num="64" count="0" type="stmt"/>
      </file>
    </package>
  </project>
</coverage>
