{"C:\\projects\\boilerplate\\boilerplate_react_redux\\src\\components\\store\\actions.js": {"path":"C:\\projects\\boilerplate\\boilerplate_react_redux\\src\\components\\store\\actions.js","statementMap":{"0":{"start":{"line":1,"column":28},"end":{"line":1,"column":70}},"1":{"start":{"line":1,"column":37},"end":{"line":1,"column":69}},"2":{"start":{"line":2,"column":26},"end":{"line":2,"column":65}},"3":{"start":{"line":2,"column":35},"end":{"line":2,"column":64}},"4":{"start":{"line":3,"column":21},"end":{"line":3,"column":63}},"5":{"start":{"line":3,"column":32},"end":{"line":3,"column":62}},"6":{"start":{"line":4,"column":22},"end":{"line":4,"column":51}},"7":{"start":{"line":4,"column":33},"end":{"line":4,"column":50}},"8":{"start":{"line":5,"column":22},"end":{"line":5,"column":65}},"9":{"start":{"line":5,"column":33},"end":{"line":5,"column":64}},"10":{"start":{"line":6,"column":24},"end":{"line":6,"column":70}},"11":{"start":{"line":6,"column":35},"end":{"line":6,"column":69}},"12":{"start":{"line":7,"column":30},"end":{"line":7,"column":83}},"13":{"start":{"line":7,"column":41},"end":{"line":7,"column":82}}},"fnMap":{"0":{"name":"(anonymous_0)","decl":{"start":{"line":1,"column":28},"end":{"line":1,"column":29}},"loc":{"start":{"line":1,"column":37},"end":{"line":1,"column":69}},"line":1},"1":{"name":"(anonymous_1)","decl":{"start":{"line":2,"column":26},"end":{"line":2,"column":27}},"loc":{"start":{"line":2,"column":35},"end":{"line":2,"column":64}},"line":2},"2":{"name":"(anonymous_2)","decl":{"start":{"line":3,"column":21},"end":{"line":3,"column":22}},"loc":{"start":{"line":3,"column":32},"end":{"line":3,"column":62}},"line":3},"3":{"name":"(anonymous_3)","decl":{"start":{"line":4,"column":22},"end":{"line":4,"column":23}},"loc":{"start":{"line":4,"column":33},"end":{"line":4,"column":50}},"line":4},"4":{"name":"(anonymous_4)","decl":{"start":{"line":5,"column":22},"end":{"line":5,"column":23}},"loc":{"start":{"line":5,"column":33},"end":{"line":5,"column":64}},"line":5},"5":{"name":"(anonymous_5)","decl":{"start":{"line":6,"column":24},"end":{"line":6,"column":25}},"loc":{"start":{"line":6,"column":35},"end":{"line":6,"column":69}},"line":6},"6":{"name":"(anonymous_6)","decl":{"start":{"line":7,"column":30},"end":{"line":7,"column":31}},"loc":{"start":{"line":7,"column":41},"end":{"line":7,"column":82}},"line":7}},"branchMap":{},"s":{"0":1,"1":2,"2":1,"3":6,"4":1,"5":1,"6":1,"7":0,"8":1,"9":1,"10":1,"11":1,"12":1,"13":2},"f":{"0":2,"1":6,"2":1,"3":0,"4":1,"5":1,"6":2},"b":{},"_coverageSchema":"43e27e138ebf9cfc5966b082cf9a028302ed4184","hash":"99332b20569d1fe62d205c2768fc1a27b9e95efc"}
,"C:\\projects\\boilerplate\\boilerplate_react_redux\\src\\redux\\actions.js": {"path":"C:\\projects\\boilerplate\\boilerplate_react_redux\\src\\redux\\actions.js","statementMap":{"0":{"start":{"line":1,"column":21},"end":{"line":1,"column":54}},"1":{"start":{"line":1,"column":30},"end":{"line":1,"column":53}},"2":{"start":{"line":2,"column":23},"end":{"line":2,"column":64}},"3":{"start":{"line":2,"column":35},"end":{"line":2,"column":63}}},"fnMap":{"0":{"name":"(anonymous_0)","decl":{"start":{"line":1,"column":21},"end":{"line":1,"column":22}},"loc":{"start":{"line":1,"column":30},"end":{"line":1,"column":53}},"line":1},"1":{"name":"(anonymous_1)","decl":{"start":{"line":2,"column":23},"end":{"line":2,"column":24}},"loc":{"start":{"line":2,"column":35},"end":{"line":2,"column":63}},"line":2}},"branchMap":{},"s":{"0":2,"1":7,"2":2,"3":16},"f":{"0":7,"1":16},"b":{},"_coverageSchema":"43e27e138ebf9cfc5966b082cf9a028302ed4184","hash":"24305b1caf7c2d85bc7680e1f2a5c3ed7188b5ed"}
,"C:\\projects\\boilerplate\\boilerplate_react_redux\\src\\utils\\saga.js": {"path":"C:\\projects\\boilerplate\\boilerplate_react_redux\\src\\utils\\saga.js","statementMap":{"0":{"start":{"line":8,"column":19},"end":{"line":22,"column":1}},"1":{"start":{"line":9,"column":2},"end":{"line":21,"column":3}},"2":{"start":{"line":11,"column":6},"end":{"line":13,"column":8}},"3":{"start":{"line":11,"column":50},"end":{"line":11,"column":53}},"4":{"start":{"line":12,"column":8},"end":{"line":12,"column":19}},"5":{"start":{"line":16,"column":6},"end":{"line":18,"column":8}},"6":{"start":{"line":16,"column":49},"end":{"line":16,"column":52}},"7":{"start":{"line":17,"column":8},"end":{"line":17,"column":19}},"8":{"start":{"line":20,"column":6},"end":{"line":20,"column":18}},"9":{"start":{"line":25,"column":2},"end":{"line":34,"column":3}},"10":{"start":{"line":26,"column":4},"end":{"line":26,"column":29}},"11":{"start":{"line":27,"column":17},"end":{"line":27,"column":87}},"12":{"start":{"line":28,"column":4},"end":{"line":28,"column":32}},"13":{"start":{"line":29,"column":4},"end":{"line":31,"column":41}},"14":{"start":{"line":33,"column":4},"end":{"line":33,"column":44}},"15":{"start":{"line":35,"column":2},"end":{"line":35,"column":28}},"16":{"start":{"line":39,"column":2},"end":{"line":48,"column":3}},"17":{"start":{"line":40,"column":4},"end":{"line":40,"column":44}},"18":{"start":{"line":41,"column":4},"end":{"line":41,"column":29}},"19":{"start":{"line":42,"column":17},"end":{"line":42,"column":87}},"20":{"start":{"line":43,"column":4},"end":{"line":43,"column":34}},"21":{"start":{"line":44,"column":4},"end":{"line":44,"column":30}},"22":{"start":{"line":46,"column":4},"end":{"line":46,"column":24}},"23":{"start":{"line":47,"column":4},"end":{"line":47,"column":30}},"24":{"start":{"line":52,"column":2},"end":{"line":58,"column":3}},"25":{"start":{"line":53,"column":17},"end":{"line":53,"column":55}},"26":{"start":{"line":54,"column":4},"end":{"line":54,"column":36}},"27":{"start":{"line":57,"column":4},"end":{"line":57,"column":24}},"28":{"start":{"line":62,"column":2},"end":{"line":62,"column":34}},"29":{"start":{"line":63,"column":2},"end":{"line":63,"column":36}},"30":{"start":{"line":64,"column":2},"end":{"line":64,"column":41}}},"fnMap":{"0":{"name":"(anonymous_0)","decl":{"start":{"line":8,"column":19},"end":{"line":8,"column":20}},"loc":{"start":{"line":8,"column":42},"end":{"line":22,"column":1}},"line":8},"1":{"name":"(anonymous_1)","decl":{"start":{"line":11,"column":43},"end":{"line":11,"column":44}},"loc":{"start":{"line":11,"column":50},"end":{"line":11,"column":53}},"line":11},"2":{"name":"(anonymous_2)","decl":{"start":{"line":11,"column":61},"end":{"line":11,"column":62}},"loc":{"start":{"line":11,"column":70},"end":{"line":13,"column":7}},"line":11},"3":{"name":"(anonymous_3)","decl":{"start":{"line":16,"column":42},"end":{"line":16,"column":43}},"loc":{"start":{"line":16,"column":49},"end":{"line":16,"column":52}},"line":16},"4":{"name":"(anonymous_4)","decl":{"start":{"line":16,"column":60},"end":{"line":16,"column":61}},"loc":{"start":{"line":16,"column":69},"end":{"line":18,"column":7}},"line":16},"5":{"name":"login","decl":{"start":{"line":24,"column":17},"end":{"line":24,"column":22}},"loc":{"start":{"line":24,"column":31},"end":{"line":36,"column":1}},"line":24},"6":{"name":"search","decl":{"start":{"line":38,"column":17},"end":{"line":38,"column":23}},"loc":{"start":{"line":38,"column":32},"end":{"line":49,"column":1}},"line":38},"7":{"name":"nextPage","decl":{"start":{"line":51,"column":17},"end":{"line":51,"column":25}},"loc":{"start":{"line":51,"column":34},"end":{"line":59,"column":1}},"line":51},"8":{"name":"saga","decl":{"start":{"line":61,"column":17},"end":{"line":61,"column":21}},"loc":{"start":{"line":61,"column":24},"end":{"line":65,"column":1}},"line":61}},"branchMap":{"0":{"loc":{"start":{"line":9,"column":2},"end":{"line":21,"column":3}},"type":"switch","locations":[{"start":{"line":10,"column":4},"end":{"line":13,"column":8}},{"start":{"line":15,"column":4},"end":{"line":18,"column":8}},{"start":{"line":19,"column":4},"end":{"line":20,"column":18}}],"line":9},"1":{"loc":{"start":{"line":29,"column":4},"end":{"line":31,"column":41}},"type":"cond-expr","locations":[{"start":{"line":30,"column":9},"end":{"line":30,"column":51}},{"start":{"line":31,"column":8},"end":{"line":31,"column":41}}],"line":29}},"s":{"0":1,"1":0,"2":0,"3":0,"4":0,"5":0,"6":0,"7":0,"8":0,"9":4,"10":4,"11":4,"12":3,"13":3,"14":0,"15":3,"16":2,"17":2,"18":2,"19":2,"20":1,"21":1,"22":0,"23":0,"24":2,"25":2,"26":1,"27":0,"28":0,"29":0,"30":0},"f":{"0":0,"1":0,"2":0,"3":0,"4":0,"5":4,"6":2,"7":2,"8":0},"b":{"0":[0,0,0],"1":[1,2]},"_coverageSchema":"43e27e138ebf9cfc5966b082cf9a028302ed4184","hash":"d56a3ec293b14d5353263408ac2c9cec6ba93d2a"}
}
