{"C:\\projects\\boilerplate\\boilerplate_react_redux\\src\\components\\Login.js": {"path":"C:\\projects\\boilerplate\\boilerplate_react_redux\\src\\components\\Login.js","statementMap":{"0":{"start":{"line":16,"column":27},"end":{"line":18,"column":1}},"1":{"start":{"line":19,"column":26},"end":{"line":21,"column":1}},"2":{"start":{"line":22,"column":26},"end":{"line":24,"column":1}},"3":{"start":{"line":26,"column":14},"end":{"line":87,"column":1}},"4":{"start":{"line":27,"column":39},"end":{"line":27,"column":51}},"5":{"start":{"line":28,"column":39},"end":{"line":28,"column":51}},"6":{"start":{"line":29,"column":48},"end":{"line":29,"column":62}},"7":{"start":{"line":30,"column":2},"end":{"line":36,"column":5}},"8":{"start":{"line":31,"column":18},"end":{"line":34,"column":5}},"9":{"start":{"line":35,"column":4},"end":{"line":35,"column":122}},"10":{"start":{"line":38,"column":23},"end":{"line":47,"column":3}},"11":{"start":{"line":39,"column":4},"end":{"line":39,"column":36}},"12":{"start":{"line":40,"column":4},"end":{"line":40,"column":23}},"13":{"start":{"line":41,"column":4},"end":{"line":46,"column":52}},"14":{"start":{"line":48,"column":2},"end":{"line":86,"column":16}},"15":{"start":{"line":55,"column":122},"end":{"line":55,"column":149}},"16":{"start":{"line":59,"column":120},"end":{"line":59,"column":147}},"17":{"start":{"line":89,"column":24},"end":{"line":91,"column":1}},"18":{"start":{"line":90,"column":2},"end":{"line":90,"column":72}},"19":{"start":{"line":93,"column":27},"end":{"line":96,"column":1}}},"fnMap":{"0":{"name":"(anonymous_0)","decl":{"start":{"line":26,"column":14},"end":{"line":26,"column":15}},"loc":{"start":{"line":26,"column":25},"end":{"line":87,"column":1}},"line":26},"1":{"name":"(anonymous_1)","decl":{"start":{"line":30,"column":12},"end":{"line":30,"column":13}},"loc":{"start":{"line":30,"column":18},"end":{"line":36,"column":3}},"line":30},"2":{"name":"(anonymous_2)","decl":{"start":{"line":38,"column":23},"end":{"line":38,"column":24}},"loc":{"start":{"line":38,"column":30},"end":{"line":47,"column":3}},"line":38},"3":{"name":"(anonymous_3)","decl":{"start":{"line":55,"column":115},"end":{"line":55,"column":116}},"loc":{"start":{"line":55,"column":122},"end":{"line":55,"column":149}},"line":55},"4":{"name":"(anonymous_4)","decl":{"start":{"line":59,"column":113},"end":{"line":59,"column":114}},"loc":{"start":{"line":59,"column":120},"end":{"line":59,"column":147}},"line":59},"5":{"name":"(anonymous_5)","decl":{"start":{"line":89,"column":24},"end":{"line":89,"column":25}},"loc":{"start":{"line":89,"column":40},"end":{"line":91,"column":1}},"line":89}},"branchMap":{"0":{"loc":{"start":{"line":35,"column":4},"end":{"line":35,"column":122}},"type":"binary-expr","locations":[{"start":{"line":35,"column":4},"end":{"line":35,"column":30}},{"start":{"line":35,"column":34},"end":{"line":35,"column":72}},{"start":{"line":35,"column":77},"end":{"line":35,"column":121}}],"line":35},"1":{"loc":{"start":{"line":41,"column":4},"end":{"line":46,"column":51}},"type":"cond-expr","locations":[{"start":{"line":42,"column":9},"end":{"line":42,"column":46}},{"start":{"line":44,"column":8},"end":{"line":46,"column":50}}],"line":41},"2":{"loc":{"start":{"line":44,"column":8},"end":{"line":46,"column":50}},"type":"cond-expr","locations":[{"start":{"line":45,"column":10},"end":{"line":45,"column":47}},{"start":{"line":46,"column":11},"end":{"line":46,"column":49}}],"line":44},"3":{"loc":{"start":{"line":63,"column":14},"end":{"line":65,"column":24}},"type":"binary-expr","locations":[{"start":{"line":63,"column":14},"end":{"line":63,"column":40}},{"start":{"line":63,"column":44},"end":{"line":63,"column":75}},{"start":{"line":63,"column":79},"end":{"line":63,"column":106}},{"start":{"line":63,"column":110},"end":{"line":65,"column":24}}],"line":63},"4":{"loc":{"start":{"line":69,"column":56},"end":{"line":69,"column":88}},"type":"binary-expr","locations":[{"start":{"line":69,"column":56},"end":{"line":69,"column":71}},{"start":{"line":69,"column":75},"end":{"line":69,"column":88}}],"line":69},"5":{"loc":{"start":{"line":70,"column":16},"end":{"line":79,"column":30}},"type":"cond-expr","locations":[{"start":{"line":71,"column":21},"end":{"line":74,"column":35}},{"start":{"line":75,"column":20},"end":{"line":79,"column":30}}],"line":70},"6":{"loc":{"start":{"line":76,"column":24},"end":{"line":78,"column":37}},"type":"cond-expr","locations":[{"start":{"line":77,"column":29},"end":{"line":77,"column":40}},{"start":{"line":78,"column":29},"end":{"line":78,"column":36}}],"line":76}},"s":{"0":1,"1":1,"2":1,"3":1,"4":6,"5":6,"6":6,"7":6,"8":6,"9":6,"10":6,"11":1,"12":1,"13":1,"14":6,"15":1,"16":1,"17":1,"18":2,"19":1},"f":{"0":6,"1":6,"2":1,"3":1,"4":1,"5":2},"b":{"0":[6,1,1],"1":[0,1],"2":[0,1],"3":[6,1,0,0],"4":[6,6],"5":[0,6],"6":[6,0]},"_coverageSchema":"43e27e138ebf9cfc5966b082cf9a028302ed4184","hash":"90aaa7e9c12fb238571d1cfb7c8c4128ce173cb2"}
,"C:\\projects\\boilerplate\\boilerplate_react_redux\\src\\components\\store\\actions.js": {"path":"C:\\projects\\boilerplate\\boilerplate_react_redux\\src\\components\\store\\actions.js","statementMap":{"0":{"start":{"line":1,"column":28},"end":{"line":1,"column":70}},"1":{"start":{"line":1,"column":37},"end":{"line":1,"column":69}},"2":{"start":{"line":2,"column":26},"end":{"line":2,"column":65}},"3":{"start":{"line":2,"column":35},"end":{"line":2,"column":64}},"4":{"start":{"line":3,"column":21},"end":{"line":3,"column":63}},"5":{"start":{"line":3,"column":32},"end":{"line":3,"column":62}},"6":{"start":{"line":4,"column":22},"end":{"line":4,"column":51}},"7":{"start":{"line":4,"column":33},"end":{"line":4,"column":50}},"8":{"start":{"line":5,"column":22},"end":{"line":5,"column":65}},"9":{"start":{"line":5,"column":33},"end":{"line":5,"column":64}},"10":{"start":{"line":6,"column":24},"end":{"line":6,"column":70}},"11":{"start":{"line":6,"column":35},"end":{"line":6,"column":69}},"12":{"start":{"line":7,"column":30},"end":{"line":7,"column":83}},"13":{"start":{"line":7,"column":41},"end":{"line":7,"column":82}}},"fnMap":{"0":{"name":"(anonymous_0)","decl":{"start":{"line":1,"column":28},"end":{"line":1,"column":29}},"loc":{"start":{"line":1,"column":37},"end":{"line":1,"column":69}},"line":1},"1":{"name":"(anonymous_1)","decl":{"start":{"line":2,"column":26},"end":{"line":2,"column":27}},"loc":{"start":{"line":2,"column":35},"end":{"line":2,"column":64}},"line":2},"2":{"name":"(anonymous_2)","decl":{"start":{"line":3,"column":21},"end":{"line":3,"column":22}},"loc":{"start":{"line":3,"column":32},"end":{"line":3,"column":62}},"line":3},"3":{"name":"(anonymous_3)","decl":{"start":{"line":4,"column":22},"end":{"line":4,"column":23}},"loc":{"start":{"line":4,"column":33},"end":{"line":4,"column":50}},"line":4},"4":{"name":"(anonymous_4)","decl":{"start":{"line":5,"column":22},"end":{"line":5,"column":23}},"loc":{"start":{"line":5,"column":33},"end":{"line":5,"column":64}},"line":5},"5":{"name":"(anonymous_5)","decl":{"start":{"line":6,"column":24},"end":{"line":6,"column":25}},"loc":{"start":{"line":6,"column":35},"end":{"line":6,"column":69}},"line":6},"6":{"name":"(anonymous_6)","decl":{"start":{"line":7,"column":30},"end":{"line":7,"column":31}},"loc":{"start":{"line":7,"column":41},"end":{"line":7,"column":82}},"line":7}},"branchMap":{},"s":{"0":1,"1":0,"2":1,"3":0,"4":1,"5":1,"6":1,"7":0,"8":1,"9":0,"10":1,"11":0,"12":1,"13":0},"f":{"0":0,"1":0,"2":1,"3":0,"4":0,"5":0,"6":0},"b":{},"_coverageSchema":"43e27e138ebf9cfc5966b082cf9a028302ed4184","hash":"99332b20569d1fe62d205c2768fc1a27b9e95efc"}
}
