TN:
SF:C:\projects\boilerplate\boilerplate_react_redux\src\components\Login.js
FN:26,(anonymous_0)
FN:30,(anonymous_1)
FN:38,(anonymous_2)
FN:55,(anonymous_3)
FN:59,(anonymous_4)
FN:89,(anonymous_5)
FNF:6
FNH:6
FNDA:6,(anonymous_0)
FNDA:6,(anonymous_1)
FNDA:1,(anonymous_2)
FNDA:1,(anonymous_3)
FNDA:1,(anonymous_4)
FNDA:2,(anonymous_5)
DA:16,1
DA:19,1
DA:22,1
DA:26,1
DA:27,6
DA:28,6
DA:29,6
DA:30,6
DA:31,6
DA:35,6
DA:38,6
DA:39,1
DA:40,1
DA:41,1
DA:48,6
DA:55,1
DA:59,1
DA:89,1
DA:90,2
DA:93,1
LF:20
LH:20
BRDA:35,0,0,6
BRDA:35,0,1,1
BRDA:35,0,2,1
BRDA:41,1,0,0
BRDA:41,1,1,1
BRDA:44,2,0,0
BRDA:44,2,1,1
BRDA:63,3,0,6
BRDA:63,3,1,1
BRDA:63,3,2,0
BRDA:63,3,3,0
BRDA:69,4,0,6
BRDA:69,4,1,6
BRDA:70,5,0,0
BRDA:70,5,1,6
BRDA:76,6,0,6
BRDA:76,6,1,0
BRF:17
BRH:11
end_of_record
TN:
SF:C:\projects\boilerplate\boilerplate_react_redux\src\components\store\actions.js
FN:1,(anonymous_0)
FN:2,(anonymous_1)
FN:3,(anonymous_2)
FN:4,(anonymous_3)
FN:5,(anonymous_4)
FN:6,(anonymous_5)
FN:7,(anonymous_6)
FNF:7
FNH:1
FNDA:0,(anonymous_0)
FNDA:0,(anonymous_1)
FNDA:1,(anonymous_2)
FNDA:0,(anonymous_3)
FNDA:0,(anonymous_4)
FNDA:0,(anonymous_5)
FNDA:0,(anonymous_6)
DA:1,1
DA:2,1
DA:3,1
DA:4,1
DA:5,1
DA:6,1
DA:7,1
LF:7
LH:7
BRF:0
BRH:0
end_of_record
