TN:
SF:C:\projects\boilerplate\boilerplate_react_redux\src\components\store\actions.js
FN:1,(anonymous_0)
FN:2,(anonymous_1)
FN:3,(anonymous_2)
FN:4,(anonymous_3)
FN:5,(anonymous_4)
FN:6,(anonymous_5)
FN:7,(anonymous_6)
FNF:7
FNH:6
FNDA:2,(anonymous_0)
FNDA:6,(anonymous_1)
FNDA:1,(anonymous_2)
FNDA:0,(anonymous_3)
FNDA:1,(anonymous_4)
FNDA:1,(anonymous_5)
FNDA:2,(anonymous_6)
DA:1,2
DA:2,6
DA:3,1
DA:4,1
DA:5,1
DA:6,1
DA:7,2
LF:7
LH:7
BRF:0
BRH:0
end_of_record
TN:
SF:C:\projects\boilerplate\boilerplate_react_redux\src\redux\actions.js
FN:1,(anonymous_0)
FN:2,(anonymous_1)
FNF:2
FNH:2
FNDA:7,(anonymous_0)
FNDA:16,(anonymous_1)
DA:1,7
DA:2,16
LF:2
LH:2
BRF:0
BRH:0
end_of_record
TN:
SF:C:\projects\boilerplate\boilerplate_react_redux\src\utils\saga.js
FN:8,(anonymous_0)
FN:11,(anonymous_1)
FN:11,(anonymous_2)
FN:16,(anonymous_3)
FN:16,(anonymous_4)
FN:24,login
FN:38,search
FN:51,nextPage
FN:61,saga
FNF:9
FNH:3
FNDA:0,(anonymous_0)
FNDA:0,(anonymous_1)
FNDA:0,(anonymous_2)
FNDA:0,(anonymous_3)
FNDA:0,(anonymous_4)
FNDA:4,login
FNDA:2,search
FNDA:2,nextPage
FNDA:0,saga
DA:8,1
DA:9,0
DA:11,0
DA:12,0
DA:16,0
DA:17,0
DA:20,0
DA:25,4
DA:26,4
DA:27,4
DA:28,3
DA:29,3
DA:33,0
DA:35,3
DA:39,2
DA:40,2
DA:41,2
DA:42,2
DA:43,1
DA:44,1
DA:46,0
DA:47,0
DA:52,2
DA:53,2
DA:54,1
DA:57,0
DA:62,0
DA:63,0
DA:64,0
LF:29
LH:16
BRDA:9,0,0,0
BRDA:9,0,1,0
BRDA:9,0,2,0
BRDA:29,1,0,1
BRDA:29,1,1,2
BRF:5
BRH:2
end_of_record
